c:\users\zape6\desktop\villageescape\visualstudio15\vs2015\debug\vc141.pdb
c:\users\zape6\desktop\villageescape\visualstudio15\vs2015\debug\vc141.idb
c:\users\zape6\desktop\villageescape\visualstudio15\vs2015\debug\loading_stage.obj
c:\users\zape6\desktop\villageescape\visualstudio15\vs2015\debug\intro_stage.obj
c:\users\zape6\desktop\villageescape\visualstudio15\vs2015\debug\input.obj
c:\users\zape6\desktop\villageescape\visualstudio15\vs2015\debug\game_stage.obj
c:\users\zape6\desktop\villageescape\visualstudio15\vs2015\debug\game.obj
c:\users\zape6\desktop\villageescape\visualstudio15\vs2015\debug\framework.obj
c:\users\zape6\desktop\villageescape\visualstudio15\vs2015\debug\fbo.obj
c:\users\zape6\desktop\villageescape\visualstudio15\vs2015\debug\textparser.obj
c:\users\zape6\desktop\villageescape\visualstudio15\vs2015\debug\picopng.obj
c:\users\zape6\desktop\villageescape\visualstudio15\vs2015\debug\sysdep.obj
c:\users\zape6\desktop\villageescape\visualstudio15\vs2015\debug\mytritri.obj
c:\users\zape6\desktop\villageescape\visualstudio15\vs2015\debug\math3d.obj
c:\users\zape6\desktop\villageescape\visualstudio15\vs2015\debug\coldet_bld.obj
c:\users\zape6\desktop\villageescape\visualstudio15\vs2015\debug\coldet.obj
c:\users\zape6\desktop\villageescape\visualstudio15\vs2015\debug\box_bld.obj
c:\users\zape6\desktop\villageescape\visualstudio15\vs2015\debug\box.obj
c:\users\zape6\desktop\villageescape\visualstudio15\vs2015\debug\end_stage.obj
c:\users\zape6\desktop\villageescape\visualstudio15\vs2015\debug\character.obj
c:\users\zape6\desktop\villageescape\visualstudio15\vs2015\debug\camera.obj
c:\users\zape6\desktop\villageescape\visualstudio15\vs2015\debug\animation.obj
c:\users\zape6\desktop\villageescape\visualstudio15\vs2015\debug\world.obj
c:\users\zape6\desktop\villageescape\visualstudio15\vs2015\debug\utils.obj
c:\users\zape6\desktop\villageescape\visualstudio15\vs2015\debug\texture.obj
c:\users\zape6\desktop\villageescape\visualstudio15\vs2015\debug\shader.obj
c:\users\zape6\desktop\villageescape\visualstudio15\vs2015\debug\rendertotexture.obj
c:\users\zape6\desktop\villageescape\visualstudio15\vs2015\debug\pause_stage.obj
c:\users\zape6\desktop\villageescape\visualstudio15\vs2015\debug\mesh.obj
c:\users\zape6\desktop\villageescape\visualstudio15\vs2015\debug\main.obj
c:\users\zape6\desktop\villageescape\visualstudio15\vs2015\debug\tritri.obj
c:\users\zape6\desktop\villageescape\game_debug.exe
c:\users\zape6\desktop\villageescape\game_debug.pdb
c:\users\zape6\desktop\villageescape\visualstudio15\vs2015\..\..\game_debug.exe
c:\users\zape6\desktop\villageescape\visualstudio15\vs2015\debug\game.tlog\cl.command.1.tlog
c:\users\zape6\desktop\villageescape\visualstudio15\vs2015\debug\game.tlog\cl.read.1.tlog
c:\users\zape6\desktop\villageescape\visualstudio15\vs2015\debug\game.tlog\cl.write.1.tlog
c:\users\zape6\desktop\villageescape\visualstudio15\vs2015\debug\game.tlog\link.command.1.tlog
c:\users\zape6\desktop\villageescape\visualstudio15\vs2015\debug\game.tlog\link.read.1.tlog
c:\users\zape6\desktop\villageescape\visualstudio15\vs2015\debug\game.tlog\link.write.1.tlog
